<?xml version="1.0" encoding="UTF-8"?>
<!-- Generated by org.testng.reporters.JUnitReportReporter -->
<testsuite hostname="Mohan" failures="0" tests="3" name="testRunner.TestRunner" time="6.775" errors="0" timestamp="2024-08-19T10:50:09 IST" skipped="0">
  <testcase classname="testRunner.TestRunner" name="runScenario" time="2.527"/>
  <testcase classname="testRunner.TestRunner" name="runScenario" time="2.210"/>
  <testcase classname="testRunner.TestRunner" name="runScenario" time="2.038"/>
</testsuite> <!-- testRunner.TestRunner -->
