<?xml version="1.0" encoding="UTF-8"?>
<!-- Generated by org.testng.reporters.JUnitReportReporter -->
<testsuite hostname="Mohan" failures="0" tests="1" name="stepdefinitions.HomePageStepdef" time="3.068" errors="0" timestamp="2024-08-16T10:07:38 IST" skipped="0">
  <testcase classname="stepdefinitions.HomePageStepdef" name="myTest" time="3.068"/>
</testsuite> <!-- stepdefinitions.HomePageStepdef -->
