<?xml version="1.0" encoding="UTF-8"?>
<!-- Generated by org.testng.reporters.JUnitReportReporter -->
<testsuite hostname="Mohan" failures="0" tests="3" name="testRunner.TestRunner" time="6.847" errors="0" timestamp="2024-08-19T11:20:20 IST" skipped="0">
  <testcase classname="testRunner.TestRunner" name="runScenario" time="2.110"/>
  <testcase classname="testRunner.TestRunner" name="runScenario" time="2.317"/>
  <testcase classname="testRunner.TestRunner" name="runScenario" time="2.420"/>
</testsuite> <!-- testRunner.TestRunner -->
